Thu 07 Sep 2023 12:17:47 AM UTC: 
 tests:  0|6
total_score: 0/70
78dbf54
Thu 07 Sep 2023 12:23:56 AM UTC: 
 hashmap.c | 6 +++++-
 1 file changed, 5 insertions(+), 1 deletion(-)
In file included from test.c:4:
hashmap.c: In function ‘createMap’:
hashmap.c:56:30: error: too few arguments to function ‘calloc’
   56 |   HashMap* map = (HashMap *) calloc(sizeof(HashMap));
      |                              ^~~~~~
In file included from test.c:2:
/nix/store/4pqv2mwdn88h7xvsm7a5zplrd8sxzvw0-glibc-2.35-163-dev/include/stdlib.h:543:14: note: declared here
  543 | extern void *calloc (size_t __nmemb, size_t __size)
      |              ^~~~~~
In file included from test.c:4:
hashmap.c:58:6: error: expected expression before ‘HashMap’
   58 |   if(HashMap == NULL) return NULL;
      |      ^~~~~~~
Compilation failed
5bb7b37
Thu 07 Sep 2023 12:24:10 AM UTC: 
 hashmap.c | 2 +-
 1 file changed, 1 insertion(+), 1 deletion(-)
In file included from test.c:4:
hashmap.c: In function ‘createMap’:
hashmap.c:58:6: error: expected expression before ‘HashMap’
   58 |   if(HashMap == NULL) return NULL;
      |      ^~~~~~~
Compilation failed
0040f86
Thu 07 Sep 2023 12:24:25 AM UTC: 
 hashmap.c | 2 +-
 1 file changed, 1 insertion(+), 1 deletion(-)
 tests:  0|0
7e00acd
Thu 07 Sep 2023 12:32:01 AM UTC: 
 hashmap.c | 14 +++++++++++++-
 1 file changed, 13 insertions(+), 1 deletion(-)
In file included from test.c:4:
hashmap.c: In function ‘createMap’:
hashmap.c:71:3: error: expected expression before ‘}’ token
   71 |   }
      |   ^
Compilation failed
456ac1f
Thu 07 Sep 2023 12:32:24 AM UTC: 
 hashmap.c | 2 +-
 1 file changed, 1 insertion(+), 1 deletion(-)
 tests:  1|5
total_score: 10/70
05a1e65
Thu 07 Sep 2023 01:36:08 AM UTC: 
 hashmap.c | 18 +++++++++++++++++-
 1 file changed, 17 insertions(+), 1 deletion(-)
In file included from test.c:4:
hashmap.c: In function ‘insertMap’:
hashmap.c:47:28: error: passing argument 1 of ‘hash’ from incompatible pointer type [-Werror=incompatible-pointer-types]
   47 |         long index = (hash(map, key) + i) % map -> capacity;
      |                            ^~~
      |                            |
      |                            HashMap * {aka struct HashMap *}
hashmap.c:26:19: note: expected ‘char *’ but argument is of type ‘HashMap *’ {aka ‘struct HashMap *’}
   26 | long hash( char * key, long capacity) {
      |            ~~~~~~~^~~
hashmap.c:47:33: error: passing argument 2 of ‘hash’ makes integer from pointer without a cast [-Werror=int-conversion]
   47 |         long index = (hash(map, key) + i) % map -> capacity;
      |                                 ^~~
      |                                 |
      |                                 char *
hashmap.c:26:29: note: expected ‘long int’ but argument is of type ‘char *’
   26 | long hash( char * key, long capacity) {
      |                        ~~~~~^~~~~~~~
cc1: all warnings being treated as errors
Compilation failed
8840858
Thu 07 Sep 2023 01:40:49 AM UTC: 
 hashmap.c | 2 +-
 1 file changed, 1 insertion(+), 1 deletion(-)
In file included from test.c:4:
hashmap.c: In function ‘insertMap’:
hashmap.c:46:28: error: incompatible type for argument 1 of ‘hash’
   46 |         long index = (hash(*map, *key) + i) % map -> capacity;
      |                            ^~~~
      |                            |
      |                            HashMap {aka struct HashMap}
hashmap.c:26:19: note: expected ‘char *’ but argument is of type ‘HashMap’ {aka ‘struct HashMap’}
   26 | long hash( char * key, long capacity) {
      |            ~~~~~~~^~~
Compilation failed
e0ecb73
Thu 07 Sep 2023 01:49:21 AM UTC: 
 hashmap.c | 26 +++++++++++++-------------
 1 file changed, 13 insertions(+), 13 deletions(-)
 tests:  5|4
total_score: 30/70
af15926
Thu 07 Sep 2023 04:20:06 AM UTC: 
 hashmap.c | 16 +++++++++++-----
 1 file changed, 11 insertions(+), 5 deletions(-)
 tests:  8|3
total_score: 40/70
9c30ffc
Thu 07 Sep 2023 05:28:22 AM UTC: 
 hashmap.c | 6 ++++++
 1 file changed, 6 insertions(+)
In file included from test.c:4:
hashmap.c: In function ‘eraseMap’:
hashmap.c:91:45: error: ‘return’ with a value, in function returning void [-Werror=return-type]
   91 |   if((map == NULL) || (key == NULL)) return NULL;
      |                                             ^~~~
hashmap.c:89:6: note: declared here
   89 | void eraseMap(HashMap * map,  char * key){
      |      ^~~~~~~~
cc1: all warnings being treated as errors
Compilation failed
ae12df0
Thu 07 Sep 2023 05:28:38 AM UTC: 
 hashmap.c | 2 +-
 1 file changed, 1 insertion(+), 1 deletion(-)
In file included from test.c:4:
hashmap.c: In function ‘eraseMap’:
hashmap.c:91:45: error: ‘return’ with a value, in function returning void [-Werror=return-type]
   91 |   if((map == NULL) || (key == NULL)) return NULL;
      |                                             ^~~~
hashmap.c:89:6: note: declared here
   89 | void eraseMap(HashMap * map,  char * key){
      |      ^~~~~~~~
hashmap.c:95:30: error: expected expression before ‘%’ token
   95 |         index = (index + 1); % map->capacity;
      |                              ^
cc1: all warnings being treated as errors
Compilation failed
f1865ab
Thu 07 Sep 2023 05:30:57 AM UTC: 
 hashmap.c | 7 +++++--
 1 file changed, 5 insertions(+), 2 deletions(-)
In file included from test.c:4:
hashmap.c: In function ‘eraseMap’:
hashmap.c:91:45: error: ‘return’ with a value, in function returning void [-Werror=return-type]
   91 |   if((map == NULL) || (key == NULL)) return NULL;
      |                                             ^~~~
hashmap.c:89:6: note: declared here
   89 | void eraseMap(HashMap * map,  char * key){
      |      ^~~~~~~~
hashmap.c:94:3: error: this ‘while’ clause does not guard... [-Werror=misleading-indentation]
   94 |   while ((map -> buckets[index] != NULL) && ((map -> buckets[index] -> key == NULL) || (strcmp(map -> buckets[index] -> key, key) != 0)))
      |   ^~~~~
hashmap.c:95:26: note: ...this statement, but the latter is misleadingly indented as if it were guarded by the ‘while’
   95 |     index = (index + 1); % map->capacity;
      |                          ^
hashmap.c:95:26: error: expected expression before ‘%’ token
hashmap.c:98:38: error: assignment to ‘char *’ from ‘int’ makes pointer from integer without a cast [-Werror=int-conversion]
   98 |         map -> buckets[index] -> key = 1;
      |                                      ^
test.c:453:5: error: ‘main’ is normally a non-static function [-Werror=main]
  453 | int main( int argc, char *argv[] ) {
      |     ^~~~
test.c:511:1: error: expected declaration or statement at end of input
  511 | }
      | ^
At top level:
test.c:453:5: error: ‘main’ defined but not used [-Werror=unused-function]
  453 | int main( int argc, char *argv[] ) {
      |     ^~~~
test.c:217:5: error: ‘insert_test5’ defined but not used [-Werror=unused-function]
  217 | int insert_test5(){ //factor de carga>0.7, se llama a función enlarge
      |     ^~~~~~~~~~~~
test.c:131:6: error: ‘compare_test’ defined but not used [-Werror=unused-function]
  131 | void compare_test(){
      |      ^~~~~~~~~~~~
test.c:125:6: error: ‘hash_test3’ defined but not used [-Werror=unused-function]
  125 | void hash_test3(){ //no random
      |      ^~~~~~~~~~
test.c:111:6: error: ‘hash_test2’ defined but not used [-Werror=unused-function]
  111 | void hash_test2(){ // colisiones
      |      ^~~~~~~~~~
test.c:100:6: error: ‘hash_test1’ defined but not used [-Werror=unused-function]
  100 | void hash_test1(){ // posición válida
      |      ^~~~~~~~~~
cc1: all warnings being treated as errors
Compilation failed
ed80acb
Thu 07 Sep 2023 05:31:07 AM UTC: 
 hashmap.c | 2 +-
 1 file changed, 1 insertion(+), 1 deletion(-)
In file included from test.c:4:
hashmap.c: In function ‘eraseMap’:
hashmap.c:91:45: error: ‘return’ with a value, in function returning void [-Werror=return-type]
   91 |   if((map == NULL) || (key == NULL)) return NULL;
      |                                             ^~~~
hashmap.c:89:6: note: declared here
   89 | void eraseMap(HashMap * map,  char * key){
      |      ^~~~~~~~
hashmap.c:94:3: error: this ‘while’ clause does not guard... [-Werror=misleading-indentation]
   94 |   while ((map -> buckets[index] != NULL) && ((map -> buckets[index] -> key == NULL) || (strcmp(map -> buckets[index] -> key, key) != 0)))
      |   ^~~~~
hashmap.c:95:26: note: ...this statement, but the latter is misleadingly indented as if it were guarded by the ‘while’
   95 |     index = (index + 1); % map->capacity;
      |                          ^
hashmap.c:95:26: error: expected expression before ‘%’ token
test.c:453:5: error: ‘main’ is normally a non-static function [-Werror=main]
  453 | int main( int argc, char *argv[] ) {
      |     ^~~~
test.c:511:1: error: expected declaration or statement at end of input
  511 | }
      | ^
At top level:
test.c:453:5: error: ‘main’ defined but not used [-Werror=unused-function]
  453 | int main( int argc, char *argv[] ) {
      |     ^~~~
test.c:217:5: error: ‘insert_test5’ defined but not used [-Werror=unused-function]
  217 | int insert_test5(){ //factor de carga>0.7, se llama a función enlarge
      |     ^~~~~~~~~~~~
test.c:131:6: error: ‘compare_test’ defined but not used [-Werror=unused-function]
  131 | void compare_test(){
      |      ^~~~~~~~~~~~
test.c:125:6: error: ‘hash_test3’ defined but not used [-Werror=unused-function]
  125 | void hash_test3(){ //no random
      |      ^~~~~~~~~~
test.c:111:6: error: ‘hash_test2’ defined but not used [-Werror=unused-function]
  111 | void hash_test2(){ // colisiones
      |      ^~~~~~~~~~
test.c:100:6: error: ‘hash_test1’ defined but not used [-Werror=unused-function]
  100 | void hash_test1(){ // posición válida
      |      ^~~~~~~~~~
cc1: all warnings being treated as errors
Compilation failed
cb1815a
Thu 07 Sep 2023 05:31:46 AM UTC: 
 hashmap.c | 2 +-
 1 file changed, 1 insertion(+), 1 deletion(-)
In file included from test.c:4:
hashmap.c: In function ‘eraseMap’:
hashmap.c:94:3: error: this ‘while’ clause does not guard... [-Werror=misleading-indentation]
   94 |   while ((map -> buckets[index] != NULL) && ((map -> buckets[index] -> key == NULL) || (strcmp(map -> buckets[index] -> key, key) != 0)))
      |   ^~~~~
hashmap.c:95:26: note: ...this statement, but the latter is misleadingly indented as if it were guarded by the ‘while’
   95 |     index = (index + 1); % map -> capacity;
      |                          ^
hashmap.c:95:26: error: expected expression before ‘%’ token
test.c:453:5: error: ‘main’ is normally a non-static function [-Werror=main]
  453 | int main( int argc, char *argv[] ) {
      |     ^~~~
test.c:511:1: error: expected declaration or statement at end of input
  511 | }
      | ^
At top level:
test.c:453:5: error: ‘main’ defined but not used [-Werror=unused-function]
  453 | int main( int argc, char *argv[] ) {
      |     ^~~~
test.c:217:5: error: ‘insert_test5’ defined but not used [-Werror=unused-function]
  217 | int insert_test5(){ //factor de carga>0.7, se llama a función enlarge
      |     ^~~~~~~~~~~~
test.c:131:6: error: ‘compare_test’ defined but not used [-Werror=unused-function]
  131 | void compare_test(){
      |      ^~~~~~~~~~~~
test.c:125:6: error: ‘hash_test3’ defined but not used [-Werror=unused-function]
  125 | void hash_test3(){ //no random
      |      ^~~~~~~~~~
test.c:111:6: error: ‘hash_test2’ defined but not used [-Werror=unused-function]
  111 | void hash_test2(){ // colisiones
      |      ^~~~~~~~~~
test.c:100:6: error: ‘hash_test1’ defined but not used [-Werror=unused-function]
  100 | void hash_test1(){ // posición válida
      |      ^~~~~~~~~~
cc1: all warnings being treated as errors
Compilation failed
6c1e777
